{"level":"info","message":"Subscribe TOPIC ","timestamp":"2024-11-23T07:59:31.722Z"}
{"level":"info","message":"Subscribe TOPIC ","timestamp":"2024-11-23T07:59:31.749Z"}
{"level":"info","message":"Subscribe TOPIC ","timestamp":"2024-11-23T08:04:20.271Z"}
{"level":"info","message":"Subscribe TOPIC ","timestamp":"2024-11-23T08:04:20.297Z"}
{"level":"info","message":"Subscribe TOPIC access-control SUCCESS","timestamp":"2024-11-23T08:05:25.011Z"}
{"level":"info","message":"Subscribe TOPIC patient-service SUCCESS","timestamp":"2024-11-23T08:05:25.035Z"}
{"level":"info","message":"Subscribe TOPIC access-control SUCCESS","timestamp":"2024-11-23T08:06:01.360Z"}
{"level":"info","message":"Subscribe TOPIC patient-service SUCCESS","timestamp":"2024-11-23T08:06:01.388Z"}
{"level":"info","message":"Subscribe TOPIC access-control SUCCESS","timestamp":"2024-11-23T08:06:53.358Z"}
{"level":"info","message":"Subscribe TOPIC patient-service SUCCESS","timestamp":"2024-11-23T08:06:53.382Z"}
{"level":"info","message":"Subscribe TOPIC access_control SUCCESS","timestamp":"2024-11-23T08:14:47.006Z"}
{"level":"info","message":"Subscribe TOPIC patient-service SUCCESS","timestamp":"2024-11-23T08:14:47.038Z"}
{"level":"info","message":"Subscribe TOPIC audit_logger SUCCESS","timestamp":"2024-11-23T08:15:31.015Z"}
{"level":"info","message":"Subscribe TOPIC patient-service SUCCESS","timestamp":"2024-11-23T08:15:31.047Z"}
{"level":"info","message":"Subscribe TOPIC audit_logger SUCCESS","timestamp":"2024-11-23T08:15:36.963Z"}
{"level":"info","message":"Subscribe TOPIC patient-service SUCCESS","timestamp":"2024-11-23T08:15:36.988Z"}
{"level":"info","message":"Subscribe TOPIC audit_logger SUCCESS","timestamp":"2024-11-23T08:16:22.590Z"}
{"level":"info","message":"Subscribe TOPIC patient-service SUCCESS","timestamp":"2024-11-23T08:16:22.623Z"}
{"level":"info","message":"Subscribe TOPIC audit_logger SUCCESS","timestamp":"2024-11-23T08:21:45.994Z"}
{"level":"info","message":"Subscribe TOPIC patient-service SUCCESS","timestamp":"2024-11-23T08:21:46.022Z"}
{"level":"info","message":"Subscribe TOPIC audit_logger SUCCESS","timestamp":"2024-11-23T08:22:40.938Z"}
{"level":"info","message":"Subscribe TOPIC patient-service SUCCESS","timestamp":"2024-11-23T08:22:40.962Z"}
{"level":"info","message":"Subscribe TOPIC audit_logger SUCCESS","timestamp":"2024-11-23T08:23:33.006Z"}
{"level":"info","message":"Subscribe TOPIC patient-service SUCCESS","timestamp":"2024-11-23T08:23:33.036Z"}
{"level":"info","message":"Subscribe TOPIC access_control SUCCESS","timestamp":"2024-11-23T08:30:15.765Z"}
{"level":"info","message":"Subscribe TOPIC patient-service SUCCESS","timestamp":"2024-11-23T08:30:15.784Z"}
{"level":"info","message":"Subscribe TOPIC access_control SUCCESS","timestamp":"2024-11-23T08:31:18.809Z"}
{"level":"info","message":"Subscribe TOPIC patient_management SUCCESS","timestamp":"2024-11-23T08:31:18.829Z"}
{"level":"info","message":"Subscribe TOPIC access_control SUCCESS","timestamp":"2024-11-23T08:47:54.132Z"}
{"level":"info","message":"Subscribe TOPIC patient_management SUCCESS","timestamp":"2024-11-23T08:47:54.162Z"}
{"level":"info","message":"Subscribe TOPIC access_control SUCCESS","timestamp":"2024-11-23T08:49:28.420Z"}
{"level":"info","message":"Subscribe TOPIC patient_management SUCCESS","timestamp":"2024-11-23T08:49:28.439Z"}
{"level":"info","message":"Subscribe TOPIC access_control SUCCESS","timestamp":"2024-11-23T08:52:01.691Z"}
{"level":"info","message":"Subscribe TOPIC patient_management SUCCESS","timestamp":"2024-11-23T08:52:01.702Z"}
{"level":"info","message":"Subscribe TOPIC access_control SUCCESS","timestamp":"2024-11-23T08:52:27.368Z"}
{"level":"info","message":"Subscribe TOPIC patient_management SUCCESS","timestamp":"2024-11-23T08:52:27.383Z"}
{"level":"info","message":"Subscribe TOPIC access_control SUCCESS","timestamp":"2024-11-23T08:53:09.794Z"}
{"level":"info","message":"Subscribe TOPIC patient_management SUCCESS","timestamp":"2024-11-23T08:53:09.838Z"}
{"level":"info","message":"Subscribe TOPIC access_control SUCCESS","timestamp":"2024-11-23T08:53:55.969Z"}
{"level":"info","message":"Subscribe TOPIC patient_management SUCCESS","timestamp":"2024-11-23T08:53:55.988Z"}
{"level":"info","message":"Subscribe TOPIC access_control SUCCESS","timestamp":"2024-11-23T08:54:11.831Z"}
{"level":"info","message":"Subscribe TOPIC patient_management SUCCESS","timestamp":"2024-11-23T08:54:11.859Z"}
{"level":"info","message":"Subscribe TOPIC access_control SUCCESS","timestamp":"2024-11-23T08:57:26.812Z"}
{"level":"info","message":"Subscribe TOPIC patient_management SUCCESS","timestamp":"2024-11-23T08:57:26.835Z"}
{"level":"info","message":"Subscribe TOPIC access_control SUCCESS","timestamp":"2024-11-23T08:58:22.740Z"}
{"level":"info","message":"Subscribe TOPIC patient_management SUCCESS","timestamp":"2024-11-23T08:58:22.762Z"}
{"level":"info","message":"Subscribe TOPIC access_control SUCCESS","timestamp":"2024-11-23T08:58:53.589Z"}
{"level":"info","message":"Subscribe TOPIC patient_management SUCCESS","timestamp":"2024-11-23T08:58:53.606Z"}
